0 info it worked if it ends with ok
1 verbose cli [ 'C:\\Program Files\\nodejs\\node.exe',
1 verbose cli   'C:\\Users\\brandon\\AppData\\Roaming\\npm\\node_modules\\npm\\bin\\npm-cli.js',
1 verbose cli   'start' ]
2 info using npm@3.8.1
3 info using node@v4.3.2
4 verbose run-script [ 'prestart', 'start', 'poststart' ]
5 info lifecycle Sloth@0.0.0~prestart: Sloth@0.0.0
6 silly lifecycle Sloth@0.0.0~prestart: no script for prestart, continuing
7 info lifecycle Sloth@0.0.0~start: Sloth@0.0.0
8 verbose lifecycle Sloth@0.0.0~start: unsafe-perm in lifecycle true
9 verbose lifecycle Sloth@0.0.0~start: PATH: C:\Users\brandon\AppData\Roaming\npm\node_modules\npm\bin\node-gyp-bin;C:\Code\Sloth\node_modules\.bin;C:\Program Files\nodejs;C:\Portable\cmder\bin;C:\Program Files\Git\bin;C:\Program Files\Git\usr\bin;C:\Program Files\Git\share\vim\vim74;C:\Windows;C:\Windows\System32;C:\Windows\System32\Wbem;C:\Windows\System32\WindowsPowerShell\v1.0\;C:\Program Files\Broadcom\Broadcom 802.11 Network Adapter\Driver;C:\Program Files\NVIDIA Corporation\PhysX\Common;C:\Portable\cmder\bin;C:\Portable\cmder\vendor\conemu-maximus5;C:\Portable\cmder\vendor\conemu-maximus5\ConEmu;C:\Program Files\Git\cmd;C:\Program Files\Git\bin;C:\Program Files\Git\usr\bin;C:\Program Files\Git\share\vim\vim74;C:\Program Files\Heroku\bin;C:\Program Files\MongoDB\Server\3.2\bin;C:\Program Files\Python\2711\;C:\Program Files\Python\2711\Scripts;C:\Program Files\Rtools\bin;C:\Program Files\Rtools\gcc-4.6.3\bin;C:\Program Files\Skype\Phone\;C:\Users\brandon\AppData\Roaming\npm;C:\Program Files\Windows Kits\10\Windows Performance Toolkit\;C:\Program Files\nodejs\;C:\Program Files\Microsoft Windows Performance Toolkit\;C:\Windows;C:\Windows\System32;C:\Windows\System32\Wbem;C:\Windows\System32\WindowsPowerShell\v1.0\;C:\Program Files\Broadcom\Broadcom 802.11 Network Adapter\Driver;C:\Program Files\NVIDIA Corporation\PhysX\Common;C:\Portable\cmder\bin;C:\Portable\cmder\vendor\conemu-maximus5;C:\Portable\cmder\vendor\conemu-maximus5\ConEmu;C:\Program Files\Git\cmd;C:\Program Files\Git\bin;C:\Program Files\Git\usr\bin;C:\Program Files\Git\share\vim\vim74;C:\Program Files\Heroku\bin;C:\Program Files\MongoDB\Server\3.2\bin;C:\Program Files\nodejs\;C:\Program Files\nodejs\node_modules;C:\Program Files\Python\2711\;C:\Program Files\Python\2711\Scripts;C:\Program Files\Rtools\bin;C:\Program Files\Rtools\gcc-4.6.3\bin;C:\Program Files\Skype\Phone\;C:\Users\brandon\AppData\Roaming\npm;C:\Portable\cmder
10 verbose lifecycle Sloth@0.0.0~start: CWD: C:\Code\Sloth
11 silly lifecycle Sloth@0.0.0~start: Args: [ '/d /s /c', 'node ./bin/www' ]
12 silly lifecycle Sloth@0.0.0~start: Returned: code: 1  signal: null
13 info lifecycle Sloth@0.0.0~start: Failed to exec start script
14 verbose stack Error: Sloth@0.0.0 start: `node ./bin/www`
14 verbose stack Exit status 1
14 verbose stack     at EventEmitter.<anonymous> (C:\Users\brandon\AppData\Roaming\npm\node_modules\npm\lib\utils\lifecycle.js:239:16)
14 verbose stack     at emitTwo (events.js:87:13)
14 verbose stack     at EventEmitter.emit (events.js:172:7)
14 verbose stack     at ChildProcess.<anonymous> (C:\Users\brandon\AppData\Roaming\npm\node_modules\npm\lib\utils\spawn.js:24:14)
14 verbose stack     at emitTwo (events.js:87:13)
14 verbose stack     at ChildProcess.emit (events.js:172:7)
14 verbose stack     at maybeClose (internal/child_process.js:821:16)
14 verbose stack     at Process.ChildProcess._handle.onexit (internal/child_process.js:211:5)
15 verbose pkgid Sloth@0.0.0
16 verbose cwd C:\Code\Sloth
17 error Windows_NT 6.3.9600
18 error argv "C:\\Program Files\\nodejs\\node.exe" "C:\\Users\\brandon\\AppData\\Roaming\\npm\\node_modules\\npm\\bin\\npm-cli.js" "start"
19 error node v4.3.2
20 error npm  v3.8.1
21 error code ELIFECYCLE
22 error Sloth@0.0.0 start: `node ./bin/www`
22 error Exit status 1
23 error Failed at the Sloth@0.0.0 start script 'node ./bin/www'.
23 error Make sure you have the latest version of node.js and npm installed.
23 error If you do, this is most likely a problem with the Sloth package,
23 error not with npm itself.
23 error Tell the author that this fails on your system:
23 error     node ./bin/www
23 error You can get information on how to open an issue for this project with:
23 error     npm bugs Sloth
23 error Or if that isn't available, you can get their info via:
23 error     npm owner ls Sloth
23 error There is likely additional logging output above.
24 verbose exit [ 1, true ]
